<?xml version="1.0" encoding="utf-8"?><testsuites name="pytest tests"><testsuite name="pytest" errors="0" failures="0" skipped="0" tests="30" time="3.329" timestamp="2026-04-30T21:55:18.620925+00:00" hostname="agent-env-e427d556-270d-4b4b-903a-9e8d189b224a"><testcase classname="backend.tests.backend_test.TestHealth" name="test_root" time="0.154" /><testcase classname="backend.tests.backend_test.TestHealth" name="test_site_config" time="0.048" /><testcase classname="backend.tests.backend_test.TestHealth" name="test_categories" time="0.057" /><testcase classname="backend.tests.backend_test.TestHealth" name="test_models" time="0.053" /><testcase classname="backend.tests.backend_test.TestProducts" name="test_list_products" time="0.055" /><testcase classname="backend.tests.backend_test.TestProducts" name="test_filter_sistema" time="0.053" /><testcase classname="backend.tests.backend_test.TestProducts" name="test_filter_modelo" time="0.052" /><testcase classname="backend.tests.backend_test.TestProducts" name="test_search_q" time="0.051" /><testcase classname="backend.tests.backend_test.TestProducts" name="test_destacado" time="0.048" /><testcase classname="backend.tests.backend_test.TestProducts" name="test_get_product_by_slug" time="0.096" /><testcase classname="backend.tests.backend_test.TestProducts" name="test_get_product_404" time="0.053" /><testcase classname="backend.tests.backend_test.TestBlog" name="test_list_blog" time="0.055" /><testcase classname="backend.tests.backend_test.TestBlog" name="test_blog_detail" time="0.111" /><testcase classname="backend.tests.backend_test.TestBlog" name="test_blog_404" time="0.050" /><testcase classname="backend.tests.backend_test.TestContact" name="test_create_contact" time="0.055" /><testcase classname="backend.tests.backend_test.TestAuth" name="test_login_success_sets_cookie" time="0.282" /><testcase classname="backend.tests.backend_test.TestAuth" name="test_login_wrong_password" time="0.273" /><testcase classname="backend.tests.backend_test.TestAuth" name="test_me_with_bearer" time="0.319" /><testcase classname="backend.tests.backend_test.TestAuth" name="test_me_without_token" time="0.108" /><testcase classname="backend.tests.backend_test.TestAdminProducts" name="test_create_unauth" time="0.117" /><testcase classname="backend.tests.backend_test.TestAdminProducts" name="test_create_product" time="0.114" /><testcase classname="backend.tests.backend_test.TestAdminProducts" name="test_duplicate_sku_returns_400" time="0.047" /><testcase classname="backend.tests.backend_test.TestAdminProducts" name="test_update_product" time="0.051" /><testcase classname="backend.tests.backend_test.TestAdminProducts" name="test_delete_product" time="0.096" /><testcase classname="backend.tests.backend_test.TestUpload" name="test_upload_image" time="0.269" /><testcase classname="backend.tests.backend_test.TestAdminBlog" name="test_create_blog" time="0.051" /><testcase classname="backend.tests.backend_test.TestAdminBlog" name="test_update_blog" time="0.058" /><testcase classname="backend.tests.backend_test.TestAdminBlog" name="test_delete_blog" time="0.052" /><testcase classname="backend.tests.backend_test.TestAdminLeads" name="test_leads_requires_auth" time="0.221" /><testcase classname="backend.tests.backend_test.TestAdminLeads" name="test_leads_list_and_delete" time="0.163" /></testsuite></testsuites>